0 verbose cli /usr/local/bin/node /usr/local/bin/npm
1 info using npm@10.5.0
2 info using node@v20.12.2
3 timing npm:load:whichnode Completed in 4ms
4 timing config:load:defaults Completed in 2ms
5 timing config:load:file:/usr/local/lib/node_modules/npm/npmrc Completed in 6ms
6 timing config:load:builtin Completed in 6ms
7 timing config:load:cli Completed in 5ms
8 timing config:load:env Completed in 0ms
9 timing config:load:project Completed in 3ms
10 timing config:load:file:/root/.npmrc Completed in 7ms
11 timing config:load:user Completed in 7ms
12 timing config:load:file:/usr/local/etc/npmrc Completed in 0ms
13 timing config:load:global Completed in 1ms
14 timing config:load:setEnvs Completed in 0ms
15 timing config:load Completed in 25ms
16 timing npm:load:configload Completed in 25ms
17 timing config:load:flatten Completed in 2ms
18 timing npm:load:mkdirpcache Completed in 19ms
19 timing npm:load:mkdirplogs Completed in 0ms
20 verbose title npm run migrate
21 verbose argv "run" "migrate"
22 timing npm:load:setTitle Completed in 1ms
23 timing npm:load:display Completed in 4ms
24 verbose logfile logs-max:10 dir:/root/.npm/_logs/2025-06-29T08_48_14_704Z-
25 verbose logfile /root/.npm/_logs/2025-06-29T08_48_14_704Z-debug-0.log
26 timing npm:load:logFile Completed in 19ms
27 timing npm:load:timers Completed in 1ms
28 timing npm:load:configScope Completed in 0ms
29 timing npm:load Completed in 104ms
30 silly logfile done cleaning log files
31 timing command:run Completed in 1252ms
32 verbose exit 0
33 timing npm Completed in 1442ms
34 info ok
